<?xml version="1.0" encoding="UTF-8"?>
<robot generator="Robot 3.2.1 (Python 3.8.3 on linux)" generated="20200816 20:52:26.371" rpa="false">
<suite id="s1" name="Example BDT" source="/home/john/Study/OTUS/PythonQAOtus_Lesson29/Tests/Example_BDT.robot">
<test id="s1-t1" name="Check test element by id">
<kw name="Open Browser" library="SeleniumLibrary" type="setup">
<doc>Opens a new browser instance to the optional ``url``.</doc>
<arguments>
<arg>${WEB_PATH}</arg>
<arg>${BROWSER}</arg>
</arguments>
<msg timestamp="20200816 20:52:26.508" level="INFO">Opening browser 'chrome' to base url 'https://demo.opencart.com/'.</msg>
<status status="PASS" starttime="20200816 20:52:26.508" endtime="20200816 20:52:30.714"></status>
</kw>
<kw name="Wait Until Keyword Succeeds" library="BuiltIn">
<doc>Runs the specified keyword and retries if it fails.</doc>
<arguments>
<arg>3sec</arg>
<arg>1sec</arg>
<arg>Click Element</arg>
<arg>id:logo</arg>
</arguments>
<kw name="Click Element" library="SeleniumLibrary">
<doc>Click the element identified by ``locator``.</doc>
<arguments>
<arg>id:logo</arg>
</arguments>
<msg timestamp="20200816 20:52:30.715" level="INFO">Clicking element 'id:logo'.</msg>
<status status="PASS" starttime="20200816 20:52:30.715" endtime="20200816 20:52:31.801"></status>
</kw>
<status status="PASS" starttime="20200816 20:52:30.714" endtime="20200816 20:52:31.801"></status>
</kw>
<kw name="Wait Until Keyword Succeeds" library="BuiltIn">
<doc>Runs the specified keyword and retries if it fails.</doc>
<arguments>
<arg>3sec</arg>
<arg>1sec</arg>
<arg>Click Element</arg>
<arg>id:search</arg>
</arguments>
<kw name="Click Element" library="SeleniumLibrary">
<doc>Click the element identified by ``locator``.</doc>
<arguments>
<arg>id:search</arg>
</arguments>
<msg timestamp="20200816 20:52:31.801" level="INFO">Clicking element 'id:search'.</msg>
<status status="PASS" starttime="20200816 20:52:31.801" endtime="20200816 20:52:31.854"></status>
</kw>
<status status="PASS" starttime="20200816 20:52:31.801" endtime="20200816 20:52:31.854"></status>
</kw>
<kw name="Close Browser" library="SeleniumLibrary" type="teardown">
<doc>Closes the current browser.</doc>
<status status="PASS" starttime="20200816 20:52:31.854" endtime="20200816 20:52:31.909"></status>
</kw>
<status status="PASS" starttime="20200816 20:52:26.507" endtime="20200816 20:52:31.909" critical="yes"></status>
</test>
<test id="s1-t2" name="Check test elements by css selector">
<kw name="Open Browser" library="SeleniumLibrary" type="setup">
<doc>Opens a new browser instance to the optional ``url``.</doc>
<arguments>
<arg>${WEB_PATH}</arg>
<arg>${BROWSER}</arg>
</arguments>
<msg timestamp="20200816 20:52:31.910" level="INFO">Opening browser 'chrome' to base url 'https://demo.opencart.com/'.</msg>
<status status="PASS" starttime="20200816 20:52:31.910" endtime="20200816 20:52:35.732"></status>
</kw>
<kw name="Wait Until Keyword Succeeds" library="BuiltIn">
<doc>Runs the specified keyword and retries if it fails.</doc>
<arguments>
<arg>3sec</arg>
<arg>1sec</arg>
<arg>Click Element</arg>
<arg>css:.btn-group.btn-block</arg>
</arguments>
<kw name="Click Element" library="SeleniumLibrary">
<doc>Click the element identified by ``locator``.</doc>
<arguments>
<arg>css:.btn-group.btn-block</arg>
</arguments>
<msg timestamp="20200816 20:52:35.734" level="INFO">Clicking element 'css:.btn-group.btn-block'.</msg>
<status status="PASS" starttime="20200816 20:52:35.734" endtime="20200816 20:52:35.794"></status>
</kw>
<status status="PASS" starttime="20200816 20:52:35.733" endtime="20200816 20:52:35.794"></status>
</kw>
<kw name="Close Browser" library="SeleniumLibrary" type="teardown">
<doc>Closes the current browser.</doc>
<status status="PASS" starttime="20200816 20:52:35.795" endtime="20200816 20:52:35.855"></status>
</kw>
<status status="PASS" starttime="20200816 20:52:31.910" endtime="20200816 20:52:35.855" critical="yes"></status>
</test>
<test id="s1-t3" name="Check test element by class name selector">
<kw name="Open Browser" library="SeleniumLibrary" type="setup">
<doc>Opens a new browser instance to the optional ``url``.</doc>
<arguments>
<arg>${WEB_PATH}</arg>
<arg>${BROWSER}</arg>
</arguments>
<msg timestamp="20200816 20:52:35.857" level="INFO">Opening browser 'chrome' to base url 'https://demo.opencart.com/'.</msg>
<status status="PASS" starttime="20200816 20:52:35.856" endtime="20200816 20:52:40.830"></status>
</kw>
<kw name="Wait Until Keyword Succeeds" library="BuiltIn">
<doc>Runs the specified keyword and retries if it fails.</doc>
<arguments>
<arg>3sec</arg>
<arg>1sec</arg>
<arg>Click Element</arg>
<arg>class:btn-group.btn-block</arg>
</arguments>
<kw name="Click Element" library="SeleniumLibrary">
<doc>Click the element identified by ``locator``.</doc>
<arguments>
<arg>class:btn-group.btn-block</arg>
</arguments>
<msg timestamp="20200816 20:52:40.832" level="INFO">Clicking element 'class:btn-group.btn-block'.</msg>
<status status="PASS" starttime="20200816 20:52:40.831" endtime="20200816 20:52:40.903"></status>
</kw>
<status status="PASS" starttime="20200816 20:52:40.831" endtime="20200816 20:52:40.903"></status>
</kw>
<kw name="Close Browser" library="SeleniumLibrary" type="teardown">
<doc>Closes the current browser.</doc>
<status status="PASS" starttime="20200816 20:52:40.904" endtime="20200816 20:52:40.960"></status>
</kw>
<status status="PASS" starttime="20200816 20:52:35.856" endtime="20200816 20:52:40.960" critical="yes"></status>
</test>
<test id="s1-t4" name="Check test login">
<kw name="Open Browser" library="SeleniumLibrary" type="setup">
<doc>Opens a new browser instance to the optional ``url``.</doc>
<arguments>
<arg>${WEB_ADMIN_PATH}</arg>
<arg>${BROWSER}</arg>
</arguments>
<msg timestamp="20200816 20:52:40.961" level="INFO">Opening browser 'chrome' to base url 'https://demo.opencart.com/admin'.</msg>
<status status="PASS" starttime="20200816 20:52:40.961" endtime="20200816 20:52:45.859"></status>
</kw>
<kw name="Login" library="resource-file">
<arguments>
<arg>demo</arg>
<arg>demo</arg>
</arguments>
<kw name="Set username" library="resource-file">
<arguments>
<arg>${USERNAME}</arg>
</arguments>
<kw name="Clear Element Text" library="SeleniumLibrary">
<doc>Clears the value of the text-input-element identified by ``locator``.</doc>
<arguments>
<arg>${locator_username}</arg>
</arguments>
<status status="PASS" starttime="20200816 20:52:45.862" endtime="20200816 20:52:45.917"></status>
</kw>
<kw name="Input Text" library="SeleniumLibrary">
<doc>Types the given ``text`` into the text field identified by ``locator``.</doc>
<arguments>
<arg>${locator_username}</arg>
<arg>${NAME}</arg>
</arguments>
<msg timestamp="20200816 20:52:45.918" level="INFO">Typing text 'demo' into text field 'id:input-username'.</msg>
<status status="PASS" starttime="20200816 20:52:45.917" endtime="20200816 20:52:45.989"></status>
</kw>
<status status="PASS" starttime="20200816 20:52:45.861" endtime="20200816 20:52:45.989"></status>
</kw>
<kw name="Set password" library="resource-file">
<arguments>
<arg>${PASSWORD}</arg>
</arguments>
<kw name="Input Password" library="SeleniumLibrary">
<doc>Types the given password into the text field identified by ``locator``.</doc>
<arguments>
<arg>${locator_password}</arg>
<arg>${PASSWORD}</arg>
</arguments>
<msg timestamp="20200816 20:52:45.990" level="INFO">Typing password into text field 'id:input-password'.</msg>
<msg timestamp="20200816 20:52:46.044" level="INFO">Temporally setting log level to: NONE</msg>
<msg timestamp="20200816 20:52:46.094" level="INFO">Log level changed from NONE to INFO.</msg>
<status status="PASS" starttime="20200816 20:52:45.990" endtime="20200816 20:52:46.094"></status>
</kw>
<status status="PASS" starttime="20200816 20:52:45.989" endtime="20200816 20:52:46.094"></status>
</kw>
<kw name="Wait Until Keyword Succeeds" library="BuiltIn">
<doc>Runs the specified keyword and retries if it fails.</doc>
<arguments>
<arg>3sec</arg>
<arg>1sec</arg>
<arg>Click Element</arg>
<arg>${locator_submit_button}</arg>
</arguments>
<kw name="Click Element" library="SeleniumLibrary">
<doc>Click the element identified by ``locator``.</doc>
<arguments>
<arg>${locator_submit_button}</arg>
</arguments>
<msg timestamp="20200816 20:52:46.095" level="INFO">Clicking element 'css:.btn.btn-primary'.</msg>
<status status="PASS" starttime="20200816 20:52:46.095" endtime="20200816 20:52:48.996"></status>
</kw>
<status status="PASS" starttime="20200816 20:52:46.094" endtime="20200816 20:52:48.996"></status>
</kw>
<status status="PASS" starttime="20200816 20:52:45.859" endtime="20200816 20:52:48.997"></status>
</kw>
<kw name="Verify Page Title Contains" library="resource-file">
<arguments>
<arg>Dashboard</arg>
</arguments>
<kw name="Get Title" library="SeleniumLibrary">
<doc>Returns the title of the current page.</doc>
<assign>
<var>${TITLE}</var>
</assign>
<msg timestamp="20200816 20:52:49.007" level="INFO">${TITLE} = Dashboard</msg>
<status status="PASS" starttime="20200816 20:52:48.998" endtime="20200816 20:52:49.007"></status>
</kw>
<kw name="Should Contain" library="BuiltIn">
<doc>Fails if ``container`` does not contain ``item`` one or more times.</doc>
<arguments>
<arg>${TITLE}</arg>
<arg>${VALUE}</arg>
</arguments>
<status status="PASS" starttime="20200816 20:52:49.008" endtime="20200816 20:52:49.008"></status>
</kw>
<status status="PASS" starttime="20200816 20:52:48.997" endtime="20200816 20:52:49.008"></status>
</kw>
<kw name="Close Browser" library="SeleniumLibrary" type="teardown">
<doc>Closes the current browser.</doc>
<status status="PASS" starttime="20200816 20:52:49.009" endtime="20200816 20:52:49.065"></status>
</kw>
<doc>Check login</doc>
<status status="PASS" starttime="20200816 20:52:40.961" endtime="20200816 20:52:49.065" critical="yes"></status>
</test>
<test id="s1-t5" name="Check test unlogin">
<kw name="Open Browser" library="SeleniumLibrary" type="setup">
<doc>Opens a new browser instance to the optional ``url``.</doc>
<arguments>
<arg>${WEB_ADMIN_PATH}</arg>
<arg>${BROWSER}</arg>
</arguments>
<msg timestamp="20200816 20:52:49.067" level="INFO">Opening browser 'chrome' to base url 'https://demo.opencart.com/admin'.</msg>
<status status="PASS" starttime="20200816 20:52:49.066" endtime="20200816 20:52:53.414"></status>
</kw>
<kw name="Login" library="resource-file">
<arguments>
<arg>demo</arg>
<arg>demo</arg>
</arguments>
<kw name="Set username" library="resource-file">
<arguments>
<arg>${USERNAME}</arg>
</arguments>
<kw name="Clear Element Text" library="SeleniumLibrary">
<doc>Clears the value of the text-input-element identified by ``locator``.</doc>
<arguments>
<arg>${locator_username}</arg>
</arguments>
<status status="PASS" starttime="20200816 20:52:53.416" endtime="20200816 20:52:53.473"></status>
</kw>
<kw name="Input Text" library="SeleniumLibrary">
<doc>Types the given ``text`` into the text field identified by ``locator``.</doc>
<arguments>
<arg>${locator_username}</arg>
<arg>${NAME}</arg>
</arguments>
<msg timestamp="20200816 20:52:53.473" level="INFO">Typing text 'demo' into text field 'id:input-username'.</msg>
<status status="PASS" starttime="20200816 20:52:53.473" endtime="20200816 20:52:53.550"></status>
</kw>
<status status="PASS" starttime="20200816 20:52:53.415" endtime="20200816 20:52:53.551"></status>
</kw>
<kw name="Set password" library="resource-file">
<arguments>
<arg>${PASSWORD}</arg>
</arguments>
<kw name="Input Password" library="SeleniumLibrary">
<doc>Types the given password into the text field identified by ``locator``.</doc>
<arguments>
<arg>${locator_password}</arg>
<arg>${PASSWORD}</arg>
</arguments>
<msg timestamp="20200816 20:52:53.552" level="INFO">Typing password into text field 'id:input-password'.</msg>
<msg timestamp="20200816 20:52:53.606" level="INFO">Temporally setting log level to: NONE</msg>
<msg timestamp="20200816 20:52:53.656" level="INFO">Log level changed from NONE to INFO.</msg>
<status status="PASS" starttime="20200816 20:52:53.551" endtime="20200816 20:52:53.656"></status>
</kw>
<status status="PASS" starttime="20200816 20:52:53.551" endtime="20200816 20:52:53.657"></status>
</kw>
<kw name="Wait Until Keyword Succeeds" library="BuiltIn">
<doc>Runs the specified keyword and retries if it fails.</doc>
<arguments>
<arg>3sec</arg>
<arg>1sec</arg>
<arg>Click Element</arg>
<arg>${locator_submit_button}</arg>
</arguments>
<kw name="Click Element" library="SeleniumLibrary">
<doc>Click the element identified by ``locator``.</doc>
<arguments>
<arg>${locator_submit_button}</arg>
</arguments>
<msg timestamp="20200816 20:52:53.658" level="INFO">Clicking element 'css:.btn.btn-primary'.</msg>
<status status="PASS" starttime="20200816 20:52:53.657" endtime="20200816 20:52:56.185"></status>
</kw>
<status status="PASS" starttime="20200816 20:52:53.657" endtime="20200816 20:52:56.185"></status>
</kw>
<status status="PASS" starttime="20200816 20:52:53.415" endtime="20200816 20:52:56.185"></status>
</kw>
<kw name="Logout" library="resource-file">
<kw name="Wait Until Keyword Succeeds" library="BuiltIn">
<doc>Runs the specified keyword and retries if it fails.</doc>
<arguments>
<arg>3sec</arg>
<arg>1sec</arg>
<arg>Click Element</arg>
<arg>${locator_logout_button}</arg>
</arguments>
<kw name="Click Element" library="SeleniumLibrary">
<doc>Click the element identified by ``locator``.</doc>
<arguments>
<arg>${locator_logout_button}</arg>
</arguments>
<msg timestamp="20200816 20:52:56.187" level="INFO">Clicking element 'css:.fa.fa-sign-out'.</msg>
<status status="PASS" starttime="20200816 20:52:56.187" endtime="20200816 20:52:57.880"></status>
</kw>
<status status="PASS" starttime="20200816 20:52:56.186" endtime="20200816 20:52:57.880"></status>
</kw>
<status status="PASS" starttime="20200816 20:52:56.186" endtime="20200816 20:52:57.880"></status>
</kw>
<kw name="Verify Page Title Contains" library="resource-file">
<arguments>
<arg>Administration</arg>
</arguments>
<kw name="Get Title" library="SeleniumLibrary">
<doc>Returns the title of the current page.</doc>
<assign>
<var>${TITLE}</var>
</assign>
<msg timestamp="20200816 20:52:57.894" level="INFO">${TITLE} = Administration</msg>
<status status="PASS" starttime="20200816 20:52:57.881" endtime="20200816 20:52:57.894"></status>
</kw>
<kw name="Should Contain" library="BuiltIn">
<doc>Fails if ``container`` does not contain ``item`` one or more times.</doc>
<arguments>
<arg>${TITLE}</arg>
<arg>${VALUE}</arg>
</arguments>
<status status="PASS" starttime="20200816 20:52:57.894" endtime="20200816 20:52:57.894"></status>
</kw>
<status status="PASS" starttime="20200816 20:52:57.881" endtime="20200816 20:52:57.894"></status>
</kw>
<kw name="Close Browser" library="SeleniumLibrary" type="teardown">
<doc>Closes the current browser.</doc>
<status status="PASS" starttime="20200816 20:52:57.895" endtime="20200816 20:52:57.951"></status>
</kw>
<doc>Check unlogin</doc>
<status status="PASS" starttime="20200816 20:52:49.066" endtime="20200816 20:52:57.952" critical="yes"></status>
</test>
<doc>Это пример теста написанного с помощью Robot Framework</doc>
<status status="PASS" starttime="20200816 20:52:26.372" endtime="20200816 20:52:57.954"></status>
</suite>
<statistics>
<total>
<stat pass="5" fail="0">Critical Tests</stat>
<stat pass="5" fail="0">All Tests</stat>
</total>
<tag>
</tag>
<suite>
<stat pass="5" fail="0" id="s1" name="Example BDT">Example BDT</stat>
</suite>
</statistics>
<errors>
</errors>
</robot>
